2018-08-24 10:11:14,585 - Status - INFO - 启动程序
2018-08-24 10:11:25,083 - Status - INFO - 登录成功 - 用户-yang
2018-08-24 10:11:25,194 - Status - INFO - 获取库位总数 - 开始执行
2018-08-24 10:11:25,291 - Status - INFO - 获取库位总数 - 获取成功 - 103
2018-08-24 10:11:25,294 - Status - INFO - 获取库位总数 - 执行完成
2018-08-24 10:11:41,321 - Status - INFO - 111 - 生产单号输入
2018-08-24 10:11:41,343 - Status - INFO - 111 - 生产单号非法
2018-08-24 10:12:07,925 - Status - INFO - 0000913076 - 生产单号输入
2018-08-24 10:12:07,926 - Status - INFO - 0000913076 - 分配库位 - 开始执行
2018-08-24 10:12:07,938 - Status - INFO - 0000913076 - 分配库位 - 获取订单信息 - 获取失败 - 未找到订单信息
2018-08-24 10:12:07,942 - Status - INFO - 0000913076 - 分配库位 - 执行完成
2018-08-24 10:12:23,787 - Status - INFO - 0000913021 - 生产单号输入
2018-08-24 10:12:23,788 - Status - INFO - 0000913021 - 分配库位 - 开始执行
2018-08-24 10:12:23,805 - Status - INFO - 0000913021 - 分配库位 - 获取订单信息 - 获取失败 - 未找到订单信息
2018-08-24 10:12:23,806 - Status - INFO - 0000913021 - 分配库位 - 执行完成
2018-08-24 10:13:35,907 - Status - INFO - 0000897250 - 生产单号输入
2018-08-24 10:13:35,908 - Status - INFO - 0000897250 - 分配库位 - 开始执行
2018-08-24 10:13:35,928 - Status - INFO - 0000897250 - 分配库位 - 获取订单信息 - 获取成功 - ['220847395-3-3', '22847', '022']
2018-08-24 10:13:35,935 - Status - INFO - 0000897250 - 分配库位 - 220847395-3-3 - 开始分配
2018-08-24 10:13:36,034 - Status - INFO - 0000897250 - 分配库位 - 220847395-3-3 - 分配成功 - 17 - 新订单
2018-08-24 10:13:36,035 - Status - INFO - 0000897250 - 分配库位 - 执行完成
2018-08-24 10:17:18,807 - Status - INFO - 0000897249 - 生产单号输入
2018-08-24 10:17:18,817 - Status - INFO - 0000897249 - 分配库位 - 开始执行
2018-08-24 10:17:18,860 - Status - INFO - 0000897249 - 分配库位 - 获取订单信息 - 获取成功 - ['220847395-3-2', '22847', '022']
2018-08-24 10:17:18,861 - Status - INFO - 0000897249 - 分配库位 - 220847395-3-2 - 开始分配
2018-08-24 10:17:18,931 - Status - INFO - 0000897249 - 分配库位 - 220847395-3-2 - 分配成功 - 17 - 已有同一套订单
2018-08-24 10:17:18,933 - Status - INFO - 0000897249 - 分配库位 - 执行完成
2018-08-24 10:20:48,187 - Status - INFO - 程序退出 - 用户-yang
2018-08-24 13:40:10,913 - Status - INFO - 启动程序
2018-08-24 13:40:20,817 - Status - INFO - 登录成功 - 用户-yang
2018-08-24 13:40:21,244 - Status - INFO - 获取库位总数 - 开始执行
2018-08-24 13:40:21,375 - Status - INFO - 获取库位总数 - 获取成功 - 0
2018-08-24 13:40:21,380 - Status - INFO - 获取库位总数 - 执行完成
2018-08-24 13:40:28,798 - Status - INFO - 程序退出 - 用户-yang
2018-08-24 16:00:47,486 - Status - INFO - 启动程序
2018-08-24 16:00:51,682 - Status - INFO - 登录成功 - 用户-yang
2018-08-24 16:00:51,749 - Status - INFO - 获取库位总数 - 开始执行
2018-08-24 16:00:51,835 - Status - INFO - 获取库位总数 - 获取成功 - 200
2018-08-24 16:00:51,836 - Status - INFO - 获取库位总数 - 执行完成
2018-08-24 16:03:34,745 - Status - INFO - 程序退出 - 用户-yang
2018-08-24 16:03:38,542 - Status - INFO - 启动程序
2018-08-24 16:03:41,888 - Status - INFO - 登录成功 - 用户-yang
2018-08-24 16:03:41,896 - Status - INFO - 获取库位总数 - 开始执行
2018-08-24 16:03:41,918 - Status - INFO - 获取库位总数 - 获取成功 - 0
2018-08-24 16:03:41,919 - Status - INFO - 获取库位总数 - 执行完成
2018-08-24 16:03:52,676 - Status - INFO - 程序退出 - 用户-yang
2018-08-24 16:05:19,789 - Status - INFO - 启动程序
2018-08-24 16:05:23,867 - Status - INFO - 登录成功 - 用户-yang
2018-08-24 16:05:23,888 - Status - INFO - 获取库位总数 - 开始执行
2018-08-24 16:05:24,023 - Status - INFO - 获取库位总数 - 获取成功 - 0
2018-08-24 16:05:24,024 - Status - INFO - 获取库位总数 - 执行完成
2018-08-24 16:05:28,128 - Status - INFO - 增加库位 -数量:100- 开始执行
2018-08-24 16:05:28,178 - Status - INFO - 获取库位总数 - 开始执行
2018-08-24 16:05:28,204 - Status - INFO - 获取库位总数 - 获取成功 - 100
2018-08-24 16:05:28,205 - Status - INFO - 获取库位总数 - 执行完成
2018-08-24 16:05:28,282 - Status - INFO - 增加库位 -数量:100- 增加成功
2018-08-24 16:05:28,289 - Status - INFO - 增加库位 -数量:100- 执行完成
2018-08-24 16:05:32,592 - Status - INFO - 增加库位 -数量:100- 开始执行
2018-08-24 16:05:32,656 - Status - INFO - 获取库位总数 - 开始执行
2018-08-24 16:05:32,675 - Status - INFO - 获取库位总数 - 获取成功 - 200
2018-08-24 16:05:32,681 - Status - INFO - 获取库位总数 - 执行完成
2018-08-24 16:05:32,681 - Status - INFO - 增加库位 -数量:100- 增加成功
2018-08-24 16:05:32,682 - Status - INFO - 增加库位 -数量:100- 执行完成
2018-08-24 16:20:23,046 - Status - INFO - 程序退出 - 用户-yang
2018-08-24 16:36:30,805 - Status - INFO - 启动程序
2018-08-24 16:36:35,241 - Status - INFO - 登录成功 - 用户-yang
2018-08-24 16:36:35,272 - Status - INFO - 获取库位总数 - 开始执行
2018-08-24 16:36:35,298 - Status - INFO - 获取库位总数 - 获取成功 - 200
2018-08-24 16:36:35,299 - Status - INFO - 获取库位总数 - 执行完成
2018-08-24 16:36:45,616 - Status - INFO - 导出数据 - 导出成功 - D:/temp_data/库位信息_全部_2018_08_24_16_36_45.xls
2018-08-24 17:07:15,997 - Status - INFO - 程序退出 - 用户-yang
