2018-08-22 14:54:08,538 - Status - INFO - 启动程序
2018-08-22 14:54:14,704 - Status - INFO - 登录成功 - 用户-yang
2018-08-22 14:54:23,995 - Status - INFO - 导出数据 - 导出成功 - D:/temp_data/库位信息_全部_2018_08_22_14_54_23.xls
2018-08-22 15:02:45,145 - Status - INFO - 程序退出 - 用户-yang
2018-08-22 15:02:51,392 - Status - INFO - 启动程序
2018-08-22 15:02:57,333 - Status - INFO - 登录成功 - 用户-yang
2018-08-22 15:03:01,954 - Status - INFO - 导出数据 - 导出成功 - D:/temp_data/库位信息_全部_2018_08_22_15_03_01.xls
2018-08-22 15:03:10,495 - Status - INFO - 程序退出 - 用户-yang
2018-08-22 15:03:23,611 - Status - INFO - 启动程序
2018-08-22 15:03:28,389 - Status - INFO - 登录成功 - 用户-yang
2018-08-22 15:03:32,656 - Status - INFO - 导出数据 - 导出成功 - D:/temp_data/库位信息_全部_2018_08_22_15_03_32.xls
2018-08-22 15:04:02,236 - Status - INFO - 程序退出 - 用户-yang
2018-08-22 15:04:04,601 - Status - INFO - 启动程序
2018-08-22 15:04:07,521 - Status - INFO - 登录成功 - 用户-yang
2018-08-22 15:04:11,291 - Status - INFO - 导出数据 - 导出成功 - D:/temp_data/库位信息_全部_2018_08_22_15_04_11.xls
2018-08-22 15:05:20,999 - Status - INFO - 程序退出 - 用户-yang
2018-08-22 15:05:23,755 - Status - INFO - 启动程序
2018-08-22 15:05:27,365 - Status - INFO - 登录成功 - 用户-yang
2018-08-22 15:05:33,818 - Status - INFO - 导出数据 - 导出成功 - D:/temp_data/库位信息_全部_2018_08_22_15_05_33.xls
2018-08-22 15:09:14,527 - Status - INFO - 程序退出 - 用户-yang
2018-08-22 15:09:18,582 - Status - INFO - 启动程序
2018-08-22 15:09:22,630 - Status - INFO - 登录成功 - 用户-yang
2018-08-22 15:09:27,063 - Status - INFO - 导出数据 - 导出成功 - D:/temp_data/库位信息_全部_2018_08_22_15_09_27.xls
2018-08-22 15:10:58,790 - Status - INFO - 程序退出 - 用户-yang
2018-08-22 15:11:00,844 - Status - INFO - 启动程序
2018-08-22 15:11:05,967 - Status - INFO - 登录成功 - 用户-yang
2018-08-22 15:11:09,335 - Status - INFO - 导出数据 - 导出成功 - D:/temp_data/库位信息_全部_2018_08_22_15_11_09.xls
2018-08-22 15:11:16,023 - Status - INFO - 程序退出 - 用户-yang
2018-08-22 15:12:37,323 - Status - INFO - 启动程序
2018-08-22 15:12:40,285 - Status - INFO - 登录成功 - 用户-yang
2018-08-22 15:12:43,989 - Status - INFO - 导出数据 - 导出成功 - D:/temp_data/库位信息_全部_2018_08_22_15_12_43.xls
2018-08-22 15:12:49,785 - Status - INFO - 程序退出 - 用户-yang
2018-08-22 15:25:04,237 - Status - INFO - 启动程序
2018-08-22 15:25:08,660 - Status - INFO - 登录成功 - 用户-yang
2018-08-22 15:25:16,162 - Status - INFO - 1234567890 - 生产单号输入
2018-08-22 15:25:16,164 - Status - INFO - 1234567890 - 分配库位 - 开始执行
2018-08-22 15:25:18,790 - Status - INFO - 1234567890 - 分配库位 - 获取订单信息 - 获取失败 - 未找到订单信息
2018-08-22 15:25:18,793 - Status - INFO - 1234567890 - 分配库位 - 执行完成
2018-08-22 15:28:15,901 - Status - INFO - 0230061713 - 生产单号输入
2018-08-22 15:28:15,902 - Status - INFO - 0230061713 - 分配库位 - 开始执行
2018-08-22 15:28:16,324 - Status - INFO - 0230061713 - 分配库位 - 获取订单信息 - 获取成功 - ('230057165', '23171', '023')
2018-08-22 15:28:16,325 - Status - INFO - 0230061713 - 分配库位 - 230057165 - 开始分配
2018-08-22 15:28:16,495 - Status - INFO - 0230061713 - 分配库位 - 230057165 - 分配失败 - 所有库位均已满3副
2018-08-22 15:28:16,812 - Status - INFO - 0230061713 - 分配库位 - 执行完成
2018-08-22 15:31:57,449 - Status - INFO - 增加库位 -数量:5- 开始执行
2018-08-22 15:31:57,688 - Status - INFO - 增加库位 -数量:5- 增加成功
2018-08-22 15:31:57,688 - Status - INFO - 增加库位 -数量:5- 执行完成
2018-08-22 15:32:27,933 - Status - INFO - 0230061713 - 生产单号输入
2018-08-22 15:32:27,934 - Status - INFO - 0230061713 - 分配库位 - 开始执行
2018-08-22 15:32:28,324 - Status - INFO - 0230061713 - 分配库位 - 获取订单信息 - 获取成功 - ('230057165', '23171', '023')
2018-08-22 15:32:28,325 - Status - INFO - 0230061713 - 分配库位 - 230057165 - 开始分配
2018-08-22 15:32:28,444 - Status - INFO - 0230061713 - 分配库位 - 230057165 - 分配失败 - 非套装订单
2018-08-22 15:32:28,490 - Status - INFO - 0230061713 - 分配库位 - 执行完成
2018-08-22 15:47:50,667 - Status - INFO - 程序退出 - 用户-yang
