2018-08-23 09:37:24,633 - Status - INFO - 启动程序
2018-08-23 09:37:35,148 - Status - INFO - 登录失败 - 工号或密码错误-gino-gino
2018-08-23 09:37:47,787 - Status - INFO - 登录成功 - 用户-yang
2018-08-23 09:38:41,218 - Status - INFO - 清空满3副库位 - 开始执行
2018-08-23 09:38:42,231 - Status - INFO - 清空满3副库位 - 执行完成
2018-08-23 09:40:13,361 - Status - INFO - 导出数据 - 导出成功 - D:/temp_data/库位信息_全部_2018_08_23_09_40_13.xls
2018-08-23 09:40:42,955 - Status - INFO - 1111111111 - 生产单号输入
2018-08-23 09:40:42,957 - Status - INFO - 1111111111 - 分配库位 - 开始执行
2018-08-23 09:40:43,359 - Status - INFO - 1111111111 - 分配库位 - 获取订单信息 - 获取成功 - ('111222333-3-1', '022001', '022')
2018-08-23 09:40:43,388 - Status - INFO - 1111111111 - 分配库位 - 111222333-3-1 - 开始分配
2018-08-23 09:40:44,068 - Status - INFO - 1111111111 - 分配库位 - 111222333-3-1 - 分配成功 - 1 - 新订单
2018-08-23 09:40:44,074 - Status - INFO - 1111111111 - 分配库位 - 执行完成
2018-08-23 09:40:53,187 - Status - INFO - 导出数据 - 导出成功 - D:/temp_data/库位信息_全部_2018_08_23_09_40_53.xls
2018-08-23 09:41:45,456 - Status - INFO - 清空单个库位 - 2 - 开始执行
2018-08-23 09:41:45,659 - Status - INFO - 清空单个库位 - 2 - 执行完成
2018-08-23 10:29:57,764 - Status - INFO - 程序退出 - 用户-yang
2018-08-23 10:39:18,839 - Status - INFO - 启动程序
2018-08-23 10:39:29,037 - Status - INFO - 登录成功 - 用户-yang
2018-08-23 10:40:48,202 - Status - INFO - 1111111111 - 生产单号输入
2018-08-23 10:40:48,203 - Status - INFO - 1111111111 - 分配库位 - 开始执行
2018-08-23 10:40:49,685 - Status - INFO - 1111111111 - 分配库位 - 获取订单信息 - 获取成功 - ('111222333-3-1', '022001', '022')
2018-08-23 10:40:49,688 - Status - INFO - 1111111111 - 分配库位 - 111222333-3-1 - 开始分配
2018-08-23 10:40:50,080 - Status - INFO - 1111111111 - 分配库位 - 111222333-3-1 - 分配成功 - 1 - 已有同一套订单
2018-08-23 10:40:50,210 - Status - INFO - 1111111111 - 分配库位 - 执行完成
2018-08-23 10:41:55,662 - Status - INFO - 1122334455 - 生产单号输入
2018-08-23 10:41:55,667 - Status - INFO - 1122334455 - 分配库位 - 开始执行
2018-08-23 10:41:56,070 - Status - INFO - 1122334455 - 分配库位 - 获取订单信息 - 获取成功 - ('123451111-3-1', '022003', '022')
2018-08-23 10:41:56,071 - Status - INFO - 1122334455 - 分配库位 - 123451111-3-1 - 开始分配
2018-08-23 10:41:56,626 - Status - INFO - 1122334455 - 分配库位 - 123451111-3-1 - 分配成功 - 2 - 新订单
2018-08-23 10:41:56,654 - Status - INFO - 1122334455 - 分配库位 - 执行完成
2018-08-23 10:42:03,947 - Status - INFO - 1234567890 - 生产单号输入
2018-08-23 10:42:03,948 - Status - INFO - 1234567890 - 分配库位 - 开始执行
2018-08-23 10:42:04,360 - Status - INFO - 1234567890 - 分配库位 - 获取订单信息 - 获取成功 - ('123456789-3-1', '022006', '022')
2018-08-23 10:42:04,361 - Status - INFO - 1234567890 - 分配库位 - 123456789-3-1 - 开始分配
2018-08-23 10:42:05,089 - Status - INFO - 1234567890 - 分配库位 - 123456789-3-1 - 分配成功 - 3 - 新订单
2018-08-23 10:42:05,098 - Status - INFO - 1234567890 - 分配库位 - 执行完成
2018-08-23 10:47:38,104 - Status - INFO - 2345678901 - 生产单号输入
2018-08-23 10:47:38,105 - Status - INFO - 2345678901 - 分配库位 - 开始执行
2018-08-23 10:47:38,500 - Status - INFO - 2345678901 - 分配库位 - 获取订单信息 - 获取成功 - ('123456789-3-2', '022006', '022')
2018-08-23 10:47:38,503 - Status - INFO - 2345678901 - 分配库位 - 123456789-3-2 - 开始分配
2018-08-23 10:47:38,968 - Status - INFO - 2345678901 - 分配库位 - 123456789-3-2 - 分配成功 - 3 - 已有同一套订单
2018-08-23 10:47:38,969 - Status - INFO - 2345678901 - 分配库位 - 执行完成
2018-08-23 10:47:46,565 - Status - INFO - 2345678901 - 生产单号输入
2018-08-23 10:47:46,566 - Status - INFO - 2345678901 - 生产单号重复扫描
2018-08-23 10:48:46,684 - Status - INFO - 3456789012 - 生产单号输入
2018-08-23 10:48:46,684 - Status - INFO - 3456789012 - 分配库位 - 开始执行
2018-08-23 10:48:47,072 - Status - INFO - 3456789012 - 分配库位 - 获取订单信息 - 获取成功 - ('123456789-3-3', '022006', '022')
2018-08-23 10:48:47,073 - Status - INFO - 3456789012 - 分配库位 - 123456789-3-3 - 开始分配
2018-08-23 10:48:47,633 - Status - INFO - 3456789012 - 分配库位 - 123456789-3-3 - 分配成功 - 3 - 已有同一套订单
2018-08-23 10:48:47,634 - Status - INFO - 3456789012 - 分配库位 - 执行完成
2018-08-23 10:52:16,336 - Status - INFO - 2233445566 - 生产单号输入
2018-08-23 10:52:16,338 - Status - INFO - 2233445566 - 分配库位 - 开始执行
2018-08-23 10:52:16,750 - Status - INFO - 2233445566 - 分配库位 - 获取订单信息 - 获取成功 - ('123451111-3-2', '022003', '022')
2018-08-23 10:52:16,751 - Status - INFO - 2233445566 - 分配库位 - 123451111-3-2 - 开始分配
2018-08-23 10:52:17,149 - Status - INFO - 2233445566 - 分配库位 - 123451111-3-2 - 分配成功 - 2 - 已有同一套订单
2018-08-23 10:52:17,150 - Status - INFO - 2233445566 - 分配库位 - 执行完成
2018-08-23 10:52:26,049 - Status - INFO - 3344556677 - 生产单号输入
2018-08-23 10:52:26,050 - Status - INFO - 3344556677 - 分配库位 - 开始执行
2018-08-23 10:52:26,441 - Status - INFO - 3344556677 - 分配库位 - 获取订单信息 - 获取成功 - ('123451111-3-3', '022003', '022')
2018-08-23 10:52:26,442 - Status - INFO - 3344556677 - 分配库位 - 123451111-3-3 - 开始分配
2018-08-23 10:52:26,830 - Status - INFO - 3344556677 - 分配库位 - 123451111-3-3 - 分配成功 - 2 - 已有同一套订单
2018-08-23 10:52:26,831 - Status - INFO - 3344556677 - 分配库位 - 执行完成
2018-08-23 10:52:31,453 - Status - INFO - 2222222222 - 生产单号输入
2018-08-23 10:52:31,453 - Status - INFO - 2222222222 - 分配库位 - 开始执行
2018-08-23 10:52:31,836 - Status - INFO - 2222222222 - 分配库位 - 获取订单信息 - 获取成功 - ('111222333-3-2', '022001', '022')
2018-08-23 10:52:31,837 - Status - INFO - 2222222222 - 分配库位 - 111222333-3-2 - 开始分配
2018-08-23 10:52:32,277 - Status - INFO - 2222222222 - 分配库位 - 111222333-3-2 - 分配成功 - 1 - 已有同一套订单
2018-08-23 10:52:32,278 - Status - INFO - 2222222222 - 分配库位 - 执行完成
2018-08-23 10:52:33,443 - Status - INFO - 3333333333 - 生产单号输入
2018-08-23 10:52:33,444 - Status - INFO - 3333333333 - 分配库位 - 开始执行
2018-08-23 10:52:33,911 - Status - INFO - 3333333333 - 分配库位 - 获取订单信息 - 获取成功 - ('111222333-3-3', '022001', '022')
2018-08-23 10:52:33,911 - Status - INFO - 3333333333 - 分配库位 - 111222333-3-3 - 开始分配
2018-08-23 10:52:34,405 - Status - INFO - 3333333333 - 分配库位 - 111222333-3-3 - 分配成功 - 1 - 已有同一套订单
2018-08-23 10:52:34,420 - Status - INFO - 3333333333 - 分配库位 - 执行完成
2018-08-23 10:52:59,217 - Status - INFO - 3333333333 - 生产单号输入
2018-08-23 10:52:59,218 - Status - INFO - 3333333333 - 生产单号重复扫描
2018-08-23 10:53:07,759 - Status - INFO - 2345678901 - 生产单号输入
2018-08-23 10:53:07,764 - Status - INFO - 2345678901 - 生产单号重复扫描
2018-08-23 10:53:20,546 - Status - INFO - 程序退出 - 用户-yang
2018-08-23 10:53:24,923 - Status - INFO - 启动程序
2018-08-23 10:53:30,443 - Status - INFO - 登录成功 - 用户-yang
2018-08-23 10:53:33,857 - Status - INFO - 1111111111 - 生产单号输入
2018-08-23 10:53:33,858 - Status - INFO - 1111111111 - 分配库位 - 开始执行
2018-08-23 10:53:35,036 - Status - INFO - 1111111111 - 分配库位 - 获取订单信息 - 获取成功 - ('111222333-3-1', '022001', '022')
2018-08-23 10:53:35,037 - Status - INFO - 1111111111 - 分配库位 - 111222333-3-1 - 开始分配
2018-08-23 10:53:35,437 - Status - INFO - 1111111111 - 分配库位 - 111222333-3-1 - 分配成功 - 1 - 已有同一套订单
2018-08-23 10:53:35,443 - Status - INFO - 1111111111 - 分配库位 - 执行完成
2018-08-23 10:53:49,136 - Status - INFO - 4444444444 - 生产单号输入
2018-08-23 10:53:49,139 - Status - INFO - 4444444444 - 分配库位 - 开始执行
2018-08-23 10:53:49,586 - Status - INFO - 4444444444 - 分配库位 - 获取订单信息 - 获取成功 - ('444555666-3-1', '022002', '022')
2018-08-23 10:53:49,589 - Status - INFO - 4444444444 - 分配库位 - 444555666-3-1 - 开始分配
2018-08-23 10:53:50,303 - Status - INFO - 4444444444 - 分配库位 - 444555666-3-1 - 分配成功 - 4 - 新订单
2018-08-23 10:53:50,303 - Status - INFO - 4444444444 - 分配库位 - 执行完成
2018-08-23 10:53:54,295 - Status - INFO - 4455667788 - 生产单号输入
2018-08-23 10:53:54,299 - Status - INFO - 4455667788 - 分配库位 - 开始执行
2018-08-23 10:53:54,686 - Status - INFO - 4455667788 - 分配库位 - 获取订单信息 - 获取成功 - ('456781111-3-1', '022004', '022')
2018-08-23 10:53:54,688 - Status - INFO - 4455667788 - 分配库位 - 456781111-3-1 - 开始分配
2018-08-23 10:53:55,296 - Status - INFO - 4455667788 - 分配库位 - 456781111-3-1 - 分配成功 - 5 - 新订单
2018-08-23 10:53:55,296 - Status - INFO - 4455667788 - 分配库位 - 执行完成
2018-08-23 10:54:00,016 - Status - INFO - 6666666666 - 生产单号输入
2018-08-23 10:54:00,020 - Status - INFO - 6666666666 - 分配库位 - 开始执行
2018-08-23 10:54:00,499 - Status - INFO - 6666666666 - 分配库位 - 获取订单信息 - 获取成功 - ('444555666-3-3', '022002', '022')
2018-08-23 10:54:00,499 - Status - INFO - 6666666666 - 分配库位 - 444555666-3-3 - 开始分配
2018-08-23 10:54:01,090 - Status - INFO - 6666666666 - 分配库位 - 444555666-3-3 - 分配成功 - 4 - 已有同一套订单
2018-08-23 10:54:01,090 - Status - INFO - 6666666666 - 分配库位 - 执行完成
2018-08-23 10:54:12,960 - Status - INFO - 5555555555 - 生产单号输入
2018-08-23 10:54:12,961 - Status - INFO - 5555555555 - 分配库位 - 开始执行
2018-08-23 10:54:13,334 - Status - INFO - 5555555555 - 分配库位 - 获取订单信息 - 获取成功 - ('444555666-3-2', '022002', '022')
2018-08-23 10:54:13,336 - Status - INFO - 5555555555 - 分配库位 - 444555666-3-2 - 开始分配
2018-08-23 10:54:13,827 - Status - INFO - 5555555555 - 分配库位 - 444555666-3-2 - 分配成功 - 4 - 已有同一套订单
2018-08-23 10:54:13,828 - Status - INFO - 5555555555 - 分配库位 - 执行完成
2018-08-23 10:54:41,540 - Status - INFO - 9900112233 - 生产单号输入
2018-08-23 10:54:41,541 - Status - INFO - 9900112233 - 分配库位 - 开始执行
2018-08-23 10:54:41,965 - Status - INFO - 9900112233 - 分配库位 - 获取订单信息 - 获取成功 - ('789012222-3-3', '022005', '022')
2018-08-23 10:54:41,966 - Status - INFO - 9900112233 - 分配库位 - 789012222-3-3 - 开始分配
2018-08-23 10:54:42,442 - Status - INFO - 9900112233 - 分配库位 - 789012222-3-3 - 分配失败 - 库位均被占用
2018-08-23 10:54:42,443 - Status - INFO - 9900112233 - 分配库位 - 执行完成
2018-08-23 10:55:02,734 - Status - INFO - 6677889900 - 生产单号输入
2018-08-23 10:55:02,735 - Status - INFO - 6677889900 - 分配库位 - 开始执行
2018-08-23 10:55:03,262 - Status - INFO - 6677889900 - 分配库位 - 获取订单信息 - 获取成功 - ('456781111-3-3', '022004', '022')
2018-08-23 10:55:03,262 - Status - INFO - 6677889900 - 分配库位 - 456781111-3-3 - 开始分配
2018-08-23 10:55:03,768 - Status - INFO - 6677889900 - 分配库位 - 456781111-3-3 - 分配成功 - 5 - 已有同一套订单
2018-08-23 10:55:03,769 - Status - INFO - 6677889900 - 分配库位 - 执行完成
2018-08-23 10:55:37,305 - Status - INFO - 导出数据 - 导出成功 - D:/temp_data/库位信息_全部_2018_08_23_10_55_37.xls
2018-08-23 10:57:21,993 - Status - INFO - 导出数据 - 导出成功 - D:/temp_data/库位信息_满3副_2018_08_23_10_57_21.xls
2018-08-23 10:57:43,430 - Status - INFO - 导出数据 - 导出成功 - D:/temp_data/库位信息_1副_2018_08_23_10_57_43.xls
2018-08-23 10:58:16,266 - Status - INFO - 清空单个库位 - 4 - 开始执行
2018-08-23 10:58:16,724 - Status - INFO - 清空单个库位 - 4 - 清空成功
2018-08-23 10:58:16,726 - Status - INFO - 清空单个库位 - 4 - 执行完成
2018-08-23 10:58:30,333 - Status - INFO - 9900112233 - 生产单号输入
2018-08-23 10:58:30,334 - Status - INFO - 9900112233 - 分配库位 - 开始执行
2018-08-23 10:58:30,717 - Status - INFO - 9900112233 - 分配库位 - 获取订单信息 - 获取成功 - ('789012222-3-3', '022005', '022')
2018-08-23 10:58:30,717 - Status - INFO - 9900112233 - 分配库位 - 789012222-3-3 - 开始分配
2018-08-23 10:58:31,255 - Status - INFO - 9900112233 - 分配库位 - 789012222-3-3 - 分配成功 - 4 - 新订单
2018-08-23 10:58:31,256 - Status - INFO - 9900112233 - 分配库位 - 执行完成
2018-08-23 11:17:01,901 - Status - INFO - 程序退出 - 用户-yang
2018-08-23 11:17:04,780 - Status - INFO - 启动程序
2018-08-23 11:17:08,041 - Status - INFO - 登录成功 - 用户-yang
2018-08-23 11:17:24,347 - Status - INFO - 6666666666 - 生产单号输入
2018-08-23 11:17:24,349 - Status - INFO - 6666666666 - 分配库位 - 开始执行
2018-08-23 11:17:25,519 - Status - INFO - 6666666666 - 分配库位 - 获取订单信息 - 获取成功 - ('444555666-3-3', '022002', '022')
2018-08-23 11:17:25,520 - Status - INFO - 6666666666 - 分配库位 - 444555666-3-3 - 开始分配
2018-08-23 11:17:26,014 - Status - INFO - 6666666666 - 分配库位 - 444555666-3-3 - 分配失败 - 库位均被占用
2018-08-23 11:17:26,015 - Status - INFO - 6666666666 - 分配库位 - 执行完成
2018-08-23 11:17:50,966 - Status - INFO - 导出数据 - 导出成功 - D:/temp_data/库位信息_1副_2018_08_23_11_17_50.xls
2018-08-23 11:18:02,662 - Status - INFO - 导出数据 - 导出成功 - D:/temp_data/库位信息_2副_2018_08_23_11_18_02.xls
2018-08-23 11:18:11,788 - Status - INFO - 导出数据 - 导出成功 - D:/temp_data/库位信息_全部_2018_08_23_11_18_11.xls
2018-08-23 11:20:30,453 - Status - INFO - 程序退出 - 用户-yang
2018-08-23 11:20:33,774 - Status - INFO - 启动程序
2018-08-23 11:20:42,268 - Status - INFO - 登录成功 - 用户-yang
2018-08-23 11:20:48,851 - Status - INFO - 导出数据 - 导出失败 - OperationalError((20017, b'DB-Lib error message 20017, severity 9:\nUnexpected EOF from the server (106.15.127.217:5432)\nDB-Lib error message 20002, severity 9:\nAdaptive Server connection failed (106.15.127.217:5432)\n'),)
2018-08-23 11:29:10,894 - Status - INFO - 程序退出 - 用户-yang
2018-08-23 11:29:15,241 - Status - INFO - 启动程序
2018-08-23 11:29:18,624 - Status - INFO - 登录成功 - 用户-yang
2018-08-23 11:29:26,192 - Status - INFO - 导出数据 - 导出成功 - D:/temp_data/库位信息_全部_2018_08_23_11_29_26.xls
2018-08-23 11:37:26,618 - Status - INFO - 程序退出 - 用户-yang
2018-08-23 11:37:35,198 - Status - INFO - 启动程序
2018-08-23 11:37:39,368 - Status - INFO - 登录成功 - 用户-yang
2018-08-23 11:37:45,523 - Status - INFO - 导出数据 - 导出成功 - D:/temp_data/库位信息_全部_2018_08_23_11_37_45.xls
2018-08-23 11:59:13,071 - Status - INFO - 程序退出 - 用户-yang
2018-08-23 11:59:19,238 - Status - INFO - 启动程序
2018-08-23 11:59:22,378 - Status - INFO - 登录成功 - 用户-yang
2018-08-23 11:59:32,137 - Status - INFO - 导出数据 - 导出成功 - D:/temp_data/库位信息_全部_2018_08_23_11_59_32.xls
2018-08-23 12:01:34,406 - Status - INFO - 程序退出 - 用户-yang
2018-08-23 12:01:38,291 - Status - INFO - 启动程序
2018-08-23 12:01:41,195 - Status - INFO - 登录成功 - 用户-yang
2018-08-23 12:01:47,654 - Status - INFO - 导出数据 - 导出成功 - D:/temp_data/库位信息_全部_2018_08_23_12_01_47.xls
2018-08-23 12:21:24,219 - Status - INFO - 程序退出 - 用户-yang
2018-08-23 12:21:26,404 - Status - INFO - 启动程序
2018-08-23 12:21:30,488 - Status - INFO - 登录成功 - 用户-yang
2018-08-23 12:21:35,177 - Status - INFO - 导出数据 - 导出成功 - D:/temp_data/库位信息_全部_2018_08_23_12_21_35.xls
2018-08-23 12:26:19,927 - Status - INFO - 程序退出 - 用户-yang
2018-08-23 12:29:37,040 - Status - INFO - 启动程序
2018-08-23 12:29:40,008 - Status - INFO - 登录成功 - 用户-yang
2018-08-23 12:29:46,581 - Status - INFO - 导出数据 - 导出成功 - D:/temp_data/库位信息_全部_2018_08_23_12_29_46.xls
2018-08-23 13:09:11,493 - Status - INFO - 程序退出 - 用户-yang
2018-08-23 13:15:22,533 - Status - INFO - 启动程序
2018-08-23 13:15:26,632 - Status - INFO - 登录成功 - 用户-yang
2018-08-23 13:15:33,233 - Status - INFO - 导出数据 - 导出失败 - TypeError('%d format: a number is required, not str',)
2018-08-23 13:17:25,591 - Status - INFO - 程序退出 - 用户-yang
2018-08-23 13:18:01,147 - Status - INFO - 启动程序
2018-08-23 13:18:04,176 - Status - INFO - 登录成功 - 用户-yang
2018-08-23 13:18:08,260 - Status - INFO - 导出数据 - 导出成功 - D:/temp_data/库位信息_全部_2018_08_23_13_18_08.xls
2018-08-23 13:18:40,071 - Status - INFO - 0000903251 - 生产单号输入
2018-08-23 13:18:40,074 - Status - INFO - 0000903251 - 分配库位 - 开始执行
2018-08-23 13:18:40,190 - Status - INFO - 0000903251 - 分配库位 - 分配失败 - AttributeError("'str' object has no attribute 'trim'",)
2018-08-23 13:18:40,191 - Status - INFO - 0000903251 - 分配库位 - 执行完成
2018-08-23 13:20:33,052 - Status - INFO - 程序退出 - 用户-yang
2018-08-23 13:20:39,525 - Status - INFO - 启动程序
2018-08-23 13:20:42,526 - Status - INFO - 登录成功 - 用户-yang
2018-08-23 13:20:47,088 - Status - INFO - 0000903251 - 生产单号输入
2018-08-23 13:20:47,091 - Status - INFO - 0000903251 - 分配库位 - 开始执行
2018-08-23 13:20:47,272 - Status - INFO - 0000903251 - 分配库位 - 获取订单信息 - 获取成功 - ['220849969-3-2', '22615', '022']
2018-08-23 13:20:47,273 - Status - INFO - 0000903251 - 分配库位 - 220849969-3-2 - 开始分配
2018-08-23 13:20:47,341 - Status - INFO - 0000903251 - 分配库位 - 分配失败 - ProgrammingError(1064, "You have an error in your SQL syntax; check the manual that corresponds to your MySQL server version for the right syntax to use near '(*) from locationforpack WHERE locationforpack.quantity < 3' at line 1")
2018-08-23 13:20:47,343 - Status - INFO - 0000903251 - 分配库位 - 执行完成
2018-08-23 13:25:39,734 - Status - INFO - 程序退出 - 用户-yang
2018-08-23 13:25:42,662 - Status - INFO - 启动程序
2018-08-23 13:25:46,756 - Status - INFO - 登录成功 - 用户-yang
2018-08-23 13:25:56,344 - Status - INFO - 0000903251 - 生产单号输入
2018-08-23 13:25:56,346 - Status - INFO - 0000903251 - 分配库位 - 开始执行
2018-08-23 13:25:56,519 - Status - INFO - 0000903251 - 分配库位 - 获取订单信息 - 获取成功 - ['220849969-3-2', '22615', '022']
2018-08-23 13:25:56,520 - Status - INFO - 0000903251 - 分配库位 - 220849969-3-2 - 开始分配
2018-08-23 13:25:56,592 - Status - INFO - 0000903251 - 分配库位 - 220849969-3-2 - 分配失败 - 所有库位均已满3副
2018-08-23 13:25:56,627 - Status - INFO - 0000903251 - 分配库位 - 执行完成
2018-08-23 13:26:05,535 - Status - INFO - 增加库位 -数量:3- 开始执行
2018-08-23 13:26:05,655 - Status - INFO - 增加库位 -数量:3- 增加失败 - ProgrammingError(1064, "You have an error in your SQL syntax; check the manual that corresponds to your MySQL server version for the right syntax to use near '(locationid) from locationforpack' at line 1")
2018-08-23 13:26:05,656 - Status - INFO - 增加库位 -数量:3- 执行完成
2018-08-23 13:27:53,055 - Status - INFO - 程序退出 - 用户-yang
2018-08-23 13:28:02,710 - Status - INFO - 启动程序
2018-08-23 13:28:06,790 - Status - INFO - 登录成功 - 用户-yang
2018-08-23 13:28:10,948 - Status - INFO - 增加库位 -数量:3- 开始执行
2018-08-23 13:28:11,188 - Status - INFO - 增加库位 -数量:3- 增加成功
2018-08-23 13:28:11,189 - Status - INFO - 增加库位 -数量:3- 执行完成
2018-08-23 13:28:15,378 - Status - INFO - 清空单个库位 - 2 - 开始执行
2018-08-23 13:28:15,469 - Status - INFO - 清空单个库位 - 2 - 执行完成
2018-08-23 13:28:18,309 - Status - INFO - 清空单个库位 - 1 - 开始执行
2018-08-23 13:28:18,370 - Status - INFO - 清空单个库位 - 1 - 执行完成
2018-08-23 13:30:32,348 - Status - INFO - 清空单个库位 - 2 - 开始执行
2018-08-23 13:30:32,423 - Status - INFO - 清空单个库位 - 2 - 执行完成
2018-08-23 13:32:27,787 - Status - INFO - 清空单个库位 - 2 - 开始执行
2018-08-23 13:32:28,093 - Status - INFO - 清空单个库位 - 2 - 清空成功
2018-08-23 13:32:28,094 - Status - INFO - 清空单个库位 - 2 - 执行完成
2018-08-23 13:32:36,147 - Status - INFO - 导出数据 - 导出成功 - D:/temp_data/历史数据_2018_08_23_13_32_36.xls
2018-08-23 13:34:01,226 - Status - INFO - 0000899687 - 生产单号输入
2018-08-23 13:34:01,233 - Status - INFO - 0000899687 - 分配库位 - 开始执行
2018-08-23 13:34:01,305 - Status - INFO - 0000899687 - 分配库位 - 获取订单信息 - 获取成功 - ['220847794-3-2', '22822', '022']
2018-08-23 13:34:01,306 - Status - INFO - 0000899687 - 分配库位 - 220847794-3-2 - 开始分配
2018-08-23 13:34:01,633 - Status - INFO - 0000899687 - 分配库位 - 220847794-3-2 - 分配成功 - 1 - 新订单
2018-08-23 13:34:01,634 - Status - INFO - 0000899687 - 分配库位 - 执行完成
2018-08-23 13:34:17,705 - Status - INFO - 导出数据 - 导出成功 - D:/temp_data/库位信息_全部_2018_08_23_13_34_17.xls
2018-08-23 13:39:44,102 - Status - INFO - 导出数据 - 导出成功 - D:/temp_data/历史数据_2018_08_23_13_39_44.xls
2018-08-23 13:41:02,011 - Status - INFO - 程序退出 - 用户-yang
2018-08-23 13:41:06,400 - Status - INFO - 启动程序
2018-08-23 13:41:11,651 - Status - INFO - 登录成功 - 用户-yang
2018-08-23 13:41:25,415 - Status - INFO - 导出数据 - 导出成功 - D:/temp_data/历史数据_2018_08_23_13_41_25.xls
2018-08-23 13:42:31,762 - Status - INFO - 程序退出 - 用户-yang
2018-08-23 13:42:35,799 - Status - INFO - 启动程序
2018-08-23 13:42:39,886 - Status - INFO - 登录成功 - 用户-yang
2018-08-23 13:42:47,837 - Status - INFO - 导出数据 - 导出成功 - D:/temp_data/库位信息_全部_2018_08_23_13_42_47.xls
2018-08-23 13:43:56,043 - Status - INFO - 0000899687 - 生产单号输入
2018-08-23 13:43:56,044 - Status - INFO - 0000899687 - 分配库位 - 开始执行
2018-08-23 13:43:56,171 - Status - INFO - 0000899687 - 分配库位 - 获取订单信息 - 获取成功 - ['220847794-3-2', '22822', '022']
2018-08-23 13:43:56,172 - Status - INFO - 0000899687 - 分配库位 - 220847794-3-2 - 开始分配
2018-08-23 13:43:56,428 - Status - INFO - 0000899687 - 分配库位 - 220847794-3-2 - 分配成功 - 1 - 已有同一套订单
2018-08-23 13:43:56,430 - Status - INFO - 0000899687 - 分配库位 - 执行完成
2018-08-23 13:44:03,499 - Status - INFO - 0000899688 - 生产单号输入
2018-08-23 13:44:03,499 - Status - INFO - 0000899688 - 分配库位 - 开始执行
2018-08-23 13:44:03,572 - Status - INFO - 0000899688 - 分配库位 - 获取订单信息 - 获取成功 - ['220847794-3-3', '22822', '022']
2018-08-23 13:44:03,573 - Status - INFO - 0000899688 - 分配库位 - 220847794-3-3 - 开始分配
2018-08-23 13:44:03,842 - Status - INFO - 0000899688 - 分配库位 - 220847794-3-3 - 分配成功 - 1 - 已有同一套订单
2018-08-23 13:44:03,843 - Status - INFO - 0000899688 - 分配库位 - 执行完成
2018-08-23 13:44:11,876 - Status - INFO - 0000899725 - 生产单号输入
2018-08-23 13:44:11,877 - Status - INFO - 0000899725 - 分配库位 - 开始执行
2018-08-23 13:44:11,951 - Status - INFO - 0000899725 - 分配库位 - 获取订单信息 - 获取成功 - ['220847922-3-1', '22536', '022']
2018-08-23 13:44:11,951 - Status - INFO - 0000899725 - 分配库位 - 220847922-3-1 - 开始分配
2018-08-23 13:44:12,440 - Status - INFO - 0000899725 - 分配库位 - 220847922-3-1 - 分配成功 - 2 - 新订单
2018-08-23 13:44:12,447 - Status - INFO - 0000899725 - 分配库位 - 执行完成
2018-08-23 13:44:46,572 - Status - INFO - 0000899688 - 生产单号输入
2018-08-23 13:44:46,573 - Status - INFO - 0000899688 - 生产单号重复扫描
2018-08-23 13:45:04,403 - Status - INFO - 0000899726 - 生产单号输入
2018-08-23 13:45:04,404 - Status - INFO - 0000899726 - 分配库位 - 开始执行
2018-08-23 13:45:04,482 - Status - INFO - 0000899726 - 分配库位 - 获取订单信息 - 获取成功 - ['220847922-3-2', '22536', '022']
2018-08-23 13:45:04,483 - Status - INFO - 0000899726 - 分配库位 - 220847922-3-2 - 开始分配
2018-08-23 13:45:04,748 - Status - INFO - 0000899726 - 分配库位 - 220847922-3-2 - 分配成功 - 2 - 已有同一套订单
2018-08-23 13:45:04,749 - Status - INFO - 0000899726 - 分配库位 - 执行完成
2018-08-23 13:45:11,284 - Status - INFO - 0000899727 - 生产单号输入
2018-08-23 13:45:11,296 - Status - INFO - 0000899727 - 分配库位 - 开始执行
2018-08-23 13:45:11,342 - Status - INFO - 0000899727 - 分配库位 - 获取订单信息 - 获取成功 - ['220847922-3-3', '22536', '022']
2018-08-23 13:45:11,343 - Status - INFO - 0000899727 - 分配库位 - 220847922-3-3 - 开始分配
2018-08-23 13:45:11,593 - Status - INFO - 0000899727 - 分配库位 - 220847922-3-3 - 分配成功 - 2 - 已有同一套订单
2018-08-23 13:45:11,594 - Status - INFO - 0000899727 - 分配库位 - 执行完成
2018-08-23 13:45:26,475 - Status - INFO - 0000899807 - 生产单号输入
2018-08-23 13:45:26,477 - Status - INFO - 0000899807 - 分配库位 - 开始执行
2018-08-23 13:45:26,559 - Status - INFO - 0000899807 - 分配库位 - 获取订单信息 - 获取成功 - ['220848436-3-2', '22234', '022']
2018-08-23 13:45:26,560 - Status - INFO - 0000899807 - 分配库位 - 220848436-3-2 - 开始分配
2018-08-23 13:45:26,910 - Status - INFO - 0000899807 - 分配库位 - 220848436-3-2 - 分配成功 - 3 - 新订单
2018-08-23 13:45:26,911 - Status - INFO - 0000899807 - 分配库位 - 执行完成
2018-08-23 13:45:38,163 - Status - INFO - 0000900457 - 生产单号输入
2018-08-23 13:45:38,164 - Status - INFO - 0000900457 - 分配库位 - 开始执行
2018-08-23 13:45:38,243 - Status - INFO - 0000900457 - 分配库位 - 获取订单信息 - 获取成功 - ['220848829-3-1', '22986', '022']
2018-08-23 13:45:38,244 - Status - INFO - 0000900457 - 分配库位 - 220848829-3-1 - 开始分配
2018-08-23 13:45:38,512 - Status - INFO - 0000900457 - 分配库位 - 220848829-3-1 - 分配失败 - 库位均被占用
2018-08-23 13:45:38,512 - Status - INFO - 0000900457 - 分配库位 - 执行完成
2018-08-23 13:45:51,112 - Status - INFO - 导出数据 - 导出成功 - D:/temp_data/库位信息_全部_2018_08_23_13_45_51.xls
2018-08-23 13:52:28,452 - Status - INFO - 清空满3副库位 - 开始执行
2018-08-23 13:52:28,886 - Status - INFO - 清空满3副库位 - 清空成功 - ((1,), (2,))
2018-08-23 13:52:28,890 - Status - INFO - 清空满3副库位 - 执行完成
2018-08-23 13:53:21,580 - Status - INFO - 4455667788 - 生产单号输入
2018-08-23 13:53:21,581 - Status - INFO - 4455667788 - 分配库位 - 开始执行
2018-08-23 13:53:21,659 - Status - INFO - 4455667788 - 分配库位 - 获取订单信息 - 获取失败 - 未找到订单信息
2018-08-23 13:53:21,663 - Status - INFO - 4455667788 - 分配库位 - 执行完成
2018-08-23 13:53:24,569 - Status - INFO - 4455667788 - 生产单号输入
2018-08-23 13:53:24,573 - Status - INFO - 4455667788 - 分配库位 - 开始执行
2018-08-23 13:53:24,657 - Status - INFO - 4455667788 - 分配库位 - 获取订单信息 - 获取失败 - 未找到订单信息
2018-08-23 13:53:24,664 - Status - INFO - 4455667788 - 分配库位 - 执行完成
2018-08-23 13:53:25,980 - Status - INFO - 4455667788 - 生产单号输入
2018-08-23 13:53:25,981 - Status - INFO - 4455667788 - 分配库位 - 开始执行
2018-08-23 13:53:26,158 - Status - INFO - 4455667788 - 分配库位 - 获取订单信息 - 获取失败 - 未找到订单信息
2018-08-23 13:53:26,159 - Status - INFO - 4455667788 - 分配库位 - 执行完成
2018-08-23 13:53:27,278 - Status - INFO - 4455667788 - 生产单号输入
2018-08-23 13:53:27,279 - Status - INFO - 4455667788 - 分配库位 - 开始执行
2018-08-23 13:53:27,348 - Status - INFO - 4455667788 - 分配库位 - 获取订单信息 - 获取失败 - 未找到订单信息
2018-08-23 13:53:27,349 - Status - INFO - 4455667788 - 分配库位 - 执行完成
2018-08-23 13:53:28,525 - Status - INFO - 2233445566 - 生产单号输入
2018-08-23 13:53:28,525 - Status - INFO - 2233445566 - 分配库位 - 开始执行
2018-08-23 13:53:28,600 - Status - INFO - 2233445566 - 分配库位 - 获取订单信息 - 获取失败 - 未找到订单信息
2018-08-23 13:53:28,601 - Status - INFO - 2233445566 - 分配库位 - 执行完成
2018-08-23 13:53:31,786 - Status - INFO - 5555555555 - 生产单号输入
2018-08-23 13:53:31,791 - Status - INFO - 5555555555 - 分配库位 - 开始执行
2018-08-23 13:53:31,879 - Status - INFO - 5555555555 - 分配库位 - 获取订单信息 - 获取失败 - 未找到订单信息
2018-08-23 13:53:31,883 - Status - INFO - 5555555555 - 分配库位 - 执行完成
2018-08-23 13:53:41,334 - Status - INFO - 6666666666 - 生产单号输入
2018-08-23 13:53:41,335 - Status - INFO - 6666666666 - 分配库位 - 开始执行
2018-08-23 13:53:41,409 - Status - INFO - 6666666666 - 分配库位 - 获取订单信息 - 获取失败 - 未找到订单信息
2018-08-23 13:53:41,409 - Status - INFO - 6666666666 - 分配库位 - 执行完成
2018-08-23 13:53:43,704 - Status - INFO - 4444444444 - 生产单号输入
2018-08-23 13:53:43,711 - Status - INFO - 4444444444 - 分配库位 - 开始执行
2018-08-23 13:53:43,822 - Status - INFO - 4444444444 - 分配库位 - 获取订单信息 - 获取失败 - 未找到订单信息
2018-08-23 13:53:44,022 - Status - INFO - 4444444444 - 分配库位 - 执行完成
2018-08-23 13:59:36,263 - Status - INFO - 程序退出 - 用户-yang
2018-08-23 15:43:56,906 - Status - INFO - 启动程序
2018-08-23 15:44:01,326 - Status - INFO - 登录成功 - 用户-yang
2018-08-23 15:44:11,666 - Status - INFO - 程序退出 - 用户-yang
2018-08-23 15:45:29,611 - Status - INFO - 启动程序
2018-08-23 15:45:33,634 - Status - INFO - 登录成功 - 用户-yang
2018-08-23 15:45:40,425 - Status - INFO - 程序退出 - 用户-yang
2018-08-23 16:32:07,896 - Status - INFO - 启动程序
2018-08-23 16:32:15,686 - Status - INFO - 登录成功 - 用户-yang
2018-08-23 16:32:15,717 - Status - INFO - 获取库位总数 - 开始执行
2018-08-23 16:32:15,879 - Status - INFO - 获取库位总数 - 获取失败 - TypeError('must be str, not int',)
2018-08-23 16:32:15,890 - Status - INFO - 获取库位总数 - 执行完成
2018-08-23 16:32:46,151 - Status - INFO - 程序退出 - 用户-yang
2018-08-23 16:34:50,860 - Status - INFO - 启动程序
2018-08-23 16:34:55,126 - Status - INFO - 登录成功 - 用户-yang
2018-08-23 16:34:55,146 - Status - INFO - 获取库位总数 - 开始执行
2018-08-23 16:34:55,271 - Status - INFO - 获取库位总数 - 获取成功 - 103
2018-08-23 16:34:55,271 - Status - INFO - 获取库位总数 - 执行完成
2018-08-23 16:38:18,066 - Status - INFO - 程序退出 - 用户-yang
2018-08-23 16:38:20,624 - Status - INFO - 启动程序
2018-08-23 16:38:24,814 - Status - INFO - 登录成功 - 用户-yang
2018-08-23 16:38:24,830 - Status - INFO - 获取库位总数 - 开始执行
2018-08-23 16:38:25,004 - Status - INFO - 获取库位总数 - 获取成功 - 103
2018-08-23 16:38:25,004 - Status - INFO - 获取库位总数 - 执行完成
2018-08-23 16:38:51,409 - Status - INFO - 0000913021 - 生产单号输入
2018-08-23 16:38:51,412 - Status - INFO - 0000913021 - 分配库位 - 开始执行
2018-08-23 16:38:51,508 - Status - INFO - 0000913021 - 分配库位 - 获取订单信息 - 获取成功 - ['220853897-3-3', '22528', '022']
2018-08-23 16:38:51,508 - Status - INFO - 0000913021 - 分配库位 - 220853897-3-3 - 开始分配
2018-08-23 16:38:51,810 - Status - INFO - 0000913021 - 分配库位 - 220853897-3-3 - 分配成功 - 11 - 新订单
2018-08-23 16:38:51,812 - Status - INFO - 0000913021 - 分配库位 - 执行完成
2018-08-23 16:39:50,009 - Status - INFO - 程序退出 - 用户-yang
2018-08-23 16:40:37,898 - Status - INFO - 启动程序
2018-08-23 16:40:41,824 - Status - INFO - 登录成功 - 用户-yang
2018-08-23 16:40:41,846 - Status - INFO - 获取库位总数 - 开始执行
2018-08-23 16:40:41,923 - Status - INFO - 获取库位总数 - 获取成功 - 103
2018-08-23 16:40:41,923 - Status - INFO - 获取库位总数 - 执行完成
2018-08-23 16:40:44,470 - Status - INFO - 0000913021 - 生产单号输入
2018-08-23 16:40:44,471 - Status - INFO - 0000913021 - 分配库位 - 开始执行
2018-08-23 16:40:44,550 - Status - INFO - 0000913021 - 分配库位 - 获取订单信息 - 获取成功 - ['220853897-3-3', '22528', '022']
2018-08-23 16:40:44,551 - Status - INFO - 0000913021 - 分配库位 - 220853897-3-3 - 开始分配
2018-08-23 16:40:45,221 - Status - INFO - 0000913021 - 分配库位 - 220853897-3-3 - 分配成功 - 11 - 新订单
2018-08-23 16:40:45,222 - Status - INFO - 0000913021 - 分配库位 - 执行完成
2018-08-23 16:41:30,040 - Status - INFO - 程序退出 - 用户-yang
2018-08-23 16:41:34,826 - Status - INFO - 启动程序
2018-08-23 16:41:43,323 - Status - INFO - 登录成功 - 用户-yang
2018-08-23 16:41:43,344 - Status - INFO - 获取库位总数 - 开始执行
2018-08-23 16:41:43,437 - Status - INFO - 获取库位总数 - 获取成功 - 103
2018-08-23 16:41:43,437 - Status - INFO - 获取库位总数 - 执行完成
2018-08-23 16:42:10,935 - Status - INFO - 0000913021 - 生产单号输入
2018-08-23 16:42:10,941 - Status - INFO - 0000913021 - 分配库位 - 开始执行
2018-08-23 16:42:11,001 - Status - INFO - 0000913021 - 分配库位 - 获取订单信息 - 获取成功 - ['220853897-3-3', '22528', '022']
2018-08-23 16:42:11,001 - Status - INFO - 0000913021 - 分配库位 - 220853897-3-3 - 开始分配
2018-08-23 16:42:11,291 - Status - INFO - 0000913021 - 分配库位 - 220853897-3-3 - 分配成功 - 11 - 新订单
2018-08-23 16:42:11,299 - Status - INFO - 0000913021 - 分配库位 - 执行完成
2018-08-23 16:42:18,768 - Status - INFO - 1 - 生产单号输入
2018-08-23 16:42:18,770 - Status - INFO - 1 - 生产单号非法
2018-08-23 16:42:19,765 - Status - INFO - 1 - 生产单号输入
2018-08-23 16:42:19,765 - Status - INFO - 1 - 生产单号非法
2018-08-23 16:42:20,134 - Status - INFO - 1 - 生产单号输入
2018-08-23 16:42:20,135 - Status - INFO - 1 - 生产单号非法
2018-08-23 16:42:20,467 - Status - INFO - 1 - 生产单号输入
2018-08-23 16:42:20,480 - Status - INFO - 1 - 生产单号非法
2018-08-23 16:42:20,801 - Status - INFO - 1 - 生产单号输入
2018-08-23 16:42:20,803 - Status - INFO - 1 - 生产单号非法
2018-08-23 16:42:21,115 - Status - INFO - 1 - 生产单号输入
2018-08-23 16:42:21,121 - Status - INFO - 1 - 生产单号非法
2018-08-23 16:42:21,425 - Status - INFO - 1 - 生产单号输入
2018-08-23 16:42:21,426 - Status - INFO - 1 - 生产单号非法
2018-08-23 16:42:21,725 - Status - INFO - 1 - 生产单号输入
2018-08-23 16:42:21,737 - Status - INFO - 1 - 生产单号非法
2018-08-23 16:42:22,008 - Status - INFO - 1 - 生产单号输入
2018-08-23 16:42:22,011 - Status - INFO - 1 - 生产单号非法
2018-08-23 16:42:22,342 - Status - INFO - 1 - 生产单号输入
2018-08-23 16:42:22,343 - Status - INFO - 1 - 生产单号非法
2018-08-23 16:42:22,632 - Status - INFO - 1 - 生产单号输入
2018-08-23 16:42:22,633 - Status - INFO - 1 - 生产单号非法
2018-08-23 16:42:22,910 - Status - INFO - 1 - 生产单号输入
2018-08-23 16:42:22,911 - Status - INFO - 1 - 生产单号非法
2018-08-23 16:42:23,194 - Status - INFO - 1 - 生产单号输入
2018-08-23 16:42:23,199 - Status - INFO - 1 - 生产单号非法
2018-08-23 16:42:23,489 - Status - INFO - 1 - 生产单号输入
2018-08-23 16:42:23,492 - Status - INFO - 1 - 生产单号非法
2018-08-23 16:42:23,778 - Status - INFO - 1 - 生产单号输入
2018-08-23 16:42:23,779 - Status - INFO - 1 - 生产单号非法
2018-08-23 16:42:24,111 - Status - INFO - 1 - 生产单号输入
2018-08-23 16:42:24,112 - Status - INFO - 1 - 生产单号非法
2018-08-23 16:43:32,140 - Status - INFO - 程序退出 - 用户-yang
2018-08-23 16:43:35,936 - Status - INFO - 启动程序
2018-08-23 16:43:39,650 - Status - INFO - 登录成功 - 用户-yang
2018-08-23 16:43:39,665 - Status - INFO - 获取库位总数 - 开始执行
2018-08-23 16:43:39,943 - Status - INFO - 获取库位总数 - 获取成功 - 103
2018-08-23 16:43:39,944 - Status - INFO - 获取库位总数 - 执行完成
2018-08-23 16:43:43,024 - Status - INFO - 1 - 生产单号输入
2018-08-23 16:43:43,026 - Status - INFO - 1 - 生产单号非法
2018-08-23 16:43:43,882 - Status - INFO - 1 - 生产单号输入
2018-08-23 16:43:43,882 - Status - INFO - 1 - 生产单号非法
2018-08-23 16:43:44,321 - Status - INFO - 1 - 生产单号输入
2018-08-23 16:43:44,322 - Status - INFO - 1 - 生产单号非法
2018-08-23 16:43:44,674 - Status - INFO - 1 - 生产单号输入
2018-08-23 16:43:44,680 - Status - INFO - 1 - 生产单号非法
2018-08-23 16:43:45,004 - Status - INFO - 1 - 生产单号输入
2018-08-23 16:43:45,004 - Status - INFO - 1 - 生产单号非法
2018-08-23 16:43:45,242 - Status - INFO - 1 - 生产单号输入
2018-08-23 16:43:45,250 - Status - INFO - 1 - 生产单号非法
2018-08-23 16:43:45,471 - Status - INFO - 1 - 生产单号输入
2018-08-23 16:43:45,472 - Status - INFO - 1 - 生产单号非法
2018-08-23 16:43:45,700 - Status - INFO - 1 - 生产单号输入
2018-08-23 16:43:45,707 - Status - INFO - 1 - 生产单号非法
2018-08-23 16:43:45,915 - Status - INFO - 1 - 生产单号输入
2018-08-23 16:43:45,916 - Status - INFO - 1 - 生产单号非法
2018-08-23 16:43:46,139 - Status - INFO - 1 - 生产单号输入
2018-08-23 16:43:46,140 - Status - INFO - 1 - 生产单号非法
2018-08-23 16:43:46,358 - Status - INFO - 11 - 生产单号输入
2018-08-23 16:43:46,365 - Status - INFO - 11 - 生产单号非法
2018-08-23 16:43:46,568 - Status - INFO - 1 - 生产单号输入
2018-08-23 16:43:46,568 - Status - INFO - 1 - 生产单号非法
2018-08-23 16:43:46,976 - Status - INFO - 11 - 生产单号输入
2018-08-23 16:43:46,977 - Status - INFO - 11 - 生产单号非法
2018-08-23 16:43:47,178 - Status - INFO - 1 - 生产单号输入
2018-08-23 16:43:47,186 - Status - INFO - 1 - 生产单号非法
2018-08-23 16:43:47,384 - Status - INFO - 1 - 生产单号输入
2018-08-23 16:43:47,388 - Status - INFO - 1 - 生产单号非法
2018-08-23 16:43:47,813 - Status - INFO - 11 - 生产单号输入
2018-08-23 16:43:47,818 - Status - INFO - 11 - 生产单号非法
2018-08-23 16:43:48,202 - Status - INFO - 1 - 生产单号输入
2018-08-23 16:43:48,203 - Status - INFO - 1 - 生产单号非法
2018-08-23 16:43:48,411 - Status - INFO - 1 - 生产单号输入
2018-08-23 16:43:48,412 - Status - INFO - 1 - 生产单号非法
2018-08-23 16:43:48,641 - Status - INFO - 1 - 生产单号输入
2018-08-23 16:43:48,642 - Status - INFO - 1 - 生产单号非法
2018-08-23 16:43:48,941 - Status - INFO - 1 - 生产单号输入
2018-08-23 16:43:48,942 - Status - INFO - 1 - 生产单号非法
2018-08-23 16:43:49,140 - Status - INFO - 1 - 生产单号输入
2018-08-23 16:43:49,141 - Status - INFO - 1 - 生产单号非法
2018-08-23 16:43:49,329 - Status - INFO - 1 - 生产单号输入
2018-08-23 16:43:49,331 - Status - INFO - 1 - 生产单号非法
2018-08-23 16:43:57,095 - Status - INFO - 程序退出 - 用户-yang
2018-08-23 16:44:45,948 - Status - INFO - 启动程序
2018-08-23 16:44:49,259 - Status - INFO - 登录成功 - 用户-yang
2018-08-23 16:44:49,286 - Status - INFO - 获取库位总数 - 开始执行
2018-08-23 16:44:49,944 - Status - INFO - 获取库位总数 - 获取成功 - 103
2018-08-23 16:44:49,945 - Status - INFO - 获取库位总数 - 执行完成
2018-08-23 16:45:04,040 - Status - INFO - 程序退出 - 用户-yang
2018-08-23 16:45:22,953 - Status - INFO - 启动程序
2018-08-23 16:45:26,124 - Status - INFO - 登录成功 - 用户-yang
2018-08-23 16:45:26,138 - Status - INFO - 获取库位总数 - 开始执行
2018-08-23 16:45:26,207 - Status - INFO - 获取库位总数 - 获取成功 - 103
2018-08-23 16:45:26,207 - Status - INFO - 获取库位总数 - 执行完成
2018-08-23 16:46:22,103 - Status - INFO - 程序退出 - 用户-yang
2018-08-23 16:46:24,213 - Status - INFO - 启动程序
2018-08-23 16:46:27,497 - Status - INFO - 登录成功 - 用户-yang
2018-08-23 16:46:27,513 - Status - INFO - 获取库位总数 - 开始执行
2018-08-23 16:46:27,674 - Status - INFO - 获取库位总数 - 获取成功 - 103
2018-08-23 16:46:27,675 - Status - INFO - 获取库位总数 - 执行完成
2018-08-23 16:46:32,896 - Status - INFO - 程序退出 - 用户-yang
2018-08-23 16:46:47,088 - Status - INFO - 启动程序
2018-08-23 16:46:51,431 - Status - INFO - 登录成功 - 用户-yang
2018-08-23 16:46:51,452 - Status - INFO - 获取库位总数 - 开始执行
2018-08-23 16:46:51,528 - Status - INFO - 获取库位总数 - 获取成功 - 103
2018-08-23 16:46:51,529 - Status - INFO - 获取库位总数 - 执行完成
2018-08-23 16:47:45,810 - Status - INFO - 程序退出 - 用户-yang
2018-08-23 16:47:47,844 - Status - INFO - 启动程序
2018-08-23 16:47:51,489 - Status - INFO - 登录成功 - 用户-yang
2018-08-23 16:47:51,505 - Status - INFO - 获取库位总数 - 开始执行
2018-08-23 16:47:51,581 - Status - INFO - 获取库位总数 - 获取成功 - 103
2018-08-23 16:47:51,581 - Status - INFO - 获取库位总数 - 执行完成
2018-08-23 16:48:08,609 - Status - INFO - 程序退出 - 用户-yang
2018-08-23 16:48:10,684 - Status - INFO - 启动程序
2018-08-23 16:48:20,744 - Status - INFO - 登录成功 - 用户-yang
2018-08-23 16:48:20,768 - Status - INFO - 获取库位总数 - 开始执行
2018-08-23 16:48:20,838 - Status - INFO - 获取库位总数 - 获取成功 - 103
2018-08-23 16:48:20,838 - Status - INFO - 获取库位总数 - 执行完成
2018-08-23 16:49:47,807 - Status - INFO - 1 - 生产单号输入
2018-08-23 16:49:47,813 - Status - INFO - 1 - 生产单号非法
2018-08-23 16:49:48,584 - Status - INFO - 1 - 生产单号输入
2018-08-23 16:49:48,587 - Status - INFO - 1 - 生产单号非法
2018-08-23 16:49:48,962 - Status - INFO - 1 - 生产单号输入
2018-08-23 16:49:48,963 - Status - INFO - 1 - 生产单号非法
2018-08-23 16:49:49,296 - Status - INFO - 1 - 生产单号输入
2018-08-23 16:49:49,297 - Status - INFO - 1 - 生产单号非法
2018-08-23 16:50:16,938 - Status - INFO - 程序退出 - 用户-yang
2018-08-23 16:50:20,368 - Status - INFO - 启动程序
2018-08-23 16:50:24,274 - Status - INFO - 登录成功 - 用户-yang
2018-08-23 16:50:24,286 - Status - INFO - 获取库位总数 - 开始执行
2018-08-23 16:50:24,530 - Status - INFO - 获取库位总数 - 获取成功 - 103
2018-08-23 16:50:24,531 - Status - INFO - 获取库位总数 - 执行完成
2018-08-23 16:50:31,126 - Status - INFO - 11 - 生产单号输入
2018-08-23 16:50:31,127 - Status - INFO - 11 - 生产单号非法
2018-08-23 16:50:31,879 - Status - INFO - 11 - 生产单号输入
2018-08-23 16:50:31,885 - Status - INFO - 11 - 生产单号非法
2018-08-23 16:50:32,523 - Status - INFO - 11 - 生产单号输入
2018-08-23 16:50:32,524 - Status - INFO - 11 - 生产单号非法
2018-08-23 16:50:33,140 - Status - INFO - 11 - 生产单号输入
2018-08-23 16:50:33,140 - Status - INFO - 11 - 生产单号非法
2018-08-23 16:50:33,708 - Status - INFO - 11 - 生产单号输入
2018-08-23 16:50:33,709 - Status - INFO - 11 - 生产单号非法
2018-08-23 16:50:34,261 - Status - INFO - 11 - 生产单号输入
2018-08-23 16:50:34,261 - Status - INFO - 11 - 生产单号非法
2018-08-23 16:51:08,226 - Status - INFO - 程序退出 - 用户-yang
2018-08-23 16:51:10,670 - Status - INFO - 启动程序
2018-08-23 16:51:13,735 - Status - INFO - 登录成功 - 用户-yang
2018-08-23 16:51:13,752 - Status - INFO - 获取库位总数 - 开始执行
2018-08-23 16:51:13,851 - Status - INFO - 获取库位总数 - 获取成功 - 103
2018-08-23 16:51:13,852 - Status - INFO - 获取库位总数 - 执行完成
2018-08-23 16:51:15,751 - Status - INFO - 1 - 生产单号输入
2018-08-23 16:51:15,761 - Status - INFO - 1 - 生产单号非法
2018-08-23 16:51:16,490 - Status - INFO - 1 - 生产单号输入
2018-08-23 16:51:16,491 - Status - INFO - 1 - 生产单号非法
2018-08-23 16:51:17,014 - Status - INFO - 1 - 生产单号输入
2018-08-23 16:51:17,014 - Status - INFO - 1 - 生产单号非法
2018-08-23 16:51:17,361 - Status - INFO - 1 - 生产单号输入
2018-08-23 16:51:17,364 - Status - INFO - 1 - 生产单号非法
2018-08-23 16:51:17,620 - Status - INFO - 1 - 生产单号输入
2018-08-23 16:51:17,627 - Status - INFO - 1 - 生产单号非法
2018-08-23 16:51:18,014 - Status - INFO - 1 - 生产单号输入
2018-08-23 16:51:18,015 - Status - INFO - 1 - 生产单号非法
2018-08-23 16:51:18,263 - Status - INFO - 1 - 生产单号输入
2018-08-23 16:51:18,264 - Status - INFO - 1 - 生产单号非法
2018-08-23 16:51:18,472 - Status - INFO - 1 - 生产单号输入
2018-08-23 16:51:18,473 - Status - INFO - 1 - 生产单号非法
2018-08-23 16:51:18,671 - Status - INFO - 1 - 生产单号输入
2018-08-23 16:51:18,672 - Status - INFO - 1 - 生产单号非法
2018-08-23 16:51:18,861 - Status - INFO - 1 - 生产单号输入
2018-08-23 16:51:18,862 - Status - INFO - 1 - 生产单号非法
2018-08-23 16:51:19,055 - Status - INFO - 1 - 生产单号输入
2018-08-23 16:51:19,060 - Status - INFO - 1 - 生产单号非法
2018-08-23 16:51:19,255 - Status - INFO - 1 - 生产单号输入
2018-08-23 16:51:19,255 - Status - INFO - 1 - 生产单号非法
2018-08-23 16:51:19,454 - Status - INFO - 1 - 生产单号输入
2018-08-23 16:51:19,465 - Status - INFO - 1 - 生产单号非法
2018-08-23 16:51:19,644 - Status - INFO - 1 - 生产单号输入
2018-08-23 16:51:19,657 - Status - INFO - 1 - 生产单号非法
2018-08-23 16:51:20,136 - Status - INFO - 1 - 生产单号输入
2018-08-23 16:51:20,143 - Status - INFO - 1 - 生产单号非法
2018-08-23 16:51:20,476 - Status - INFO - 1 - 生产单号输入
2018-08-23 16:51:20,477 - Status - INFO - 1 - 生产单号非法
2018-08-23 16:51:46,849 - Status - INFO - 程序退出 - 用户-yang
2018-08-23 16:51:49,072 - Status - INFO - 启动程序
2018-08-23 16:51:52,722 - Status - INFO - 登录成功 - 用户-yang
2018-08-23 16:51:52,736 - Status - INFO - 获取库位总数 - 开始执行
2018-08-23 16:51:52,791 - Status - INFO - 获取库位总数 - 获取成功 - 103
2018-08-23 16:51:52,791 - Status - INFO - 获取库位总数 - 执行完成
2018-08-23 16:52:12,277 - Status - INFO - 0000913021 - 生产单号输入
2018-08-23 16:52:12,287 - Status - INFO - 0000913021 - 分配库位 - 开始执行
2018-08-23 16:52:12,351 - Status - INFO - 0000913021 - 分配库位 - 获取订单信息 - 获取成功 - ['220853897-3-3', '22528', '022']
2018-08-23 16:52:12,352 - Status - INFO - 0000913021 - 分配库位 - 220853897-3-3 - 开始分配
2018-08-23 16:52:12,710 - Status - INFO - 0000913021 - 分配库位 - 220853897-3-3 - 分配成功 - 11 - 新订单
2018-08-23 16:52:12,711 - Status - INFO - 0000913021 - 分配库位 - 执行完成
2018-08-23 16:52:24,985 - Status - INFO - 程序退出 - 用户-yang
2018-08-23 16:52:36,893 - Status - INFO - 启动程序
2018-08-23 16:52:39,823 - Status - INFO - 登录成功 - 用户-yang
2018-08-23 16:52:39,840 - Status - INFO - 获取库位总数 - 开始执行
2018-08-23 16:52:39,921 - Status - INFO - 获取库位总数 - 获取成功 - 103
2018-08-23 16:52:39,922 - Status - INFO - 获取库位总数 - 执行完成
2018-08-23 16:53:10,307 - Status - INFO - 0000913021 - 生产单号输入
2018-08-23 16:53:10,308 - Status - INFO - 0000913021 - 分配库位 - 开始执行
2018-08-23 16:53:10,401 - Status - INFO - 0000913021 - 分配库位 - 获取订单信息 - 获取成功 - ['220853897-3-3', '22528', '022']
2018-08-23 16:53:10,401 - Status - INFO - 0000913021 - 分配库位 - 220853897-3-3 - 开始分配
2018-08-23 16:53:10,728 - Status - INFO - 0000913021 - 分配库位 - 220853897-3-3 - 分配成功 - 11 - 新订单
2018-08-23 16:53:10,730 - Status - INFO - 0000913021 - 分配库位 - 执行完成
2018-08-23 16:53:21,215 - Status - INFO - 3 - 生产单号输入
2018-08-23 16:53:21,217 - Status - INFO - 3 - 生产单号非法
2018-08-23 16:53:22,351 - Status - INFO - 3 - 生产单号输入
2018-08-23 16:53:22,352 - Status - INFO - 3 - 生产单号非法
2018-08-23 16:53:22,890 - Status - INFO - 3 - 生产单号输入
2018-08-23 16:53:22,891 - Status - INFO - 3 - 生产单号非法
2018-08-23 16:53:23,183 - Status - INFO - 3 - 生产单号输入
2018-08-23 16:53:23,196 - Status - INFO - 3 - 生产单号非法
2018-08-23 16:53:23,656 - Status - INFO - 3 - 生产单号输入
2018-08-23 16:53:23,656 - Status - INFO - 3 - 生产单号非法
2018-08-23 16:53:24,034 - Status - INFO - 3 - 生产单号输入
2018-08-23 16:53:24,036 - Status - INFO - 3 - 生产单号非法
2018-08-23 16:53:24,325 - Status - INFO - 3 - 生产单号输入
2018-08-23 16:53:24,331 - Status - INFO - 3 - 生产单号非法
2018-08-23 16:53:24,602 - Status - INFO - 3 - 生产单号输入
2018-08-23 16:53:24,615 - Status - INFO - 3 - 生产单号非法
2018-08-23 16:53:25,116 - Status - INFO - 33 - 生产单号输入
2018-08-23 16:53:25,117 - Status - INFO - 33 - 生产单号非法
2018-08-23 16:53:25,380 - Status - INFO - 3 - 生产单号输入
2018-08-23 16:53:25,381 - Status - INFO - 3 - 生产单号非法
2018-08-23 16:53:25,885 - Status - INFO - 3 - 生产单号输入
2018-08-23 16:53:25,886 - Status - INFO - 3 - 生产单号非法
2018-08-23 16:53:26,183 - Status - INFO - 3 - 生产单号输入
2018-08-23 16:53:26,190 - Status - INFO - 3 - 生产单号非法
2018-08-23 16:53:26,532 - Status - INFO - 33 - 生产单号输入
2018-08-23 16:53:26,533 - Status - INFO - 33 - 生产单号非法
2018-08-23 16:54:11,036 - Status - INFO - 程序退出 - 用户-yang
2018-08-23 16:56:14,893 - Status - INFO - 启动程序
2018-08-23 16:56:21,419 - Status - INFO - 登录成功 - 用户-yang
2018-08-23 16:56:21,439 - Status - INFO - 获取库位总数 - 开始执行
2018-08-23 16:56:21,603 - Status - INFO - 获取库位总数 - 获取成功 - 103
2018-08-23 16:56:21,603 - Status - INFO - 获取库位总数 - 执行完成
2018-08-23 16:59:23,005 - Status - INFO - 1 - 生产单号输入
2018-08-23 16:59:23,009 - Status - INFO - 1 - 生产单号非法
2018-08-23 16:59:23,665 - Status - INFO - 1 - 生产单号输入
2018-08-23 16:59:23,667 - Status - INFO - 1 - 生产单号非法
2018-08-23 16:59:27,507 - Status - INFO - # 使焦点回到扫描输入框
        self.PackForm.scan_jobnum_le.setFocus() - 生产单号输入
2018-08-23 16:59:27,524 - Status - INFO - # 使焦点回到扫描输入框
        self.PackForm.scan_jobnum_le.setFocus() - 生产单号非法
2018-08-23 17:00:02,210 - Status - INFO - 0000913021 - 生产单号输入
2018-08-23 17:00:02,211 - Status - INFO - 0000913021 - 分配库位 - 开始执行
2018-08-23 17:00:02,246 - Status - INFO - 0000913021 - 分配库位 - 获取订单信息 - 获取成功 - ['220853897-3-3', '22528', '022']
2018-08-23 17:00:02,247 - Status - INFO - 0000913021 - 分配库位 - 220853897-3-3 - 开始分配
2018-08-23 17:00:02,574 - Status - INFO - 0000913021 - 分配库位 - 220853897-3-3 - 分配成功 - 11 - 新订单
2018-08-23 17:00:02,575 - Status - INFO - 0000913021 - 分配库位 - 执行完成
2018-08-23 17:00:11,524 - Status - INFO - 程序退出 - 用户-yang
2018-08-23 17:03:52,935 - Status - INFO - 启动程序
2018-08-23 17:04:00,826 - Status - INFO - 登录成功 - 用户-yang
2018-08-23 17:04:00,847 - Status - INFO - 获取库位总数 - 开始执行
2018-08-23 17:04:01,001 - Status - INFO - 获取库位总数 - 获取成功 - 103
2018-08-23 17:04:01,002 - Status - INFO - 获取库位总数 - 执行完成
2018-08-23 17:04:07,349 - Status - INFO - 导出数据 - 导出成功 - D:/temp_data/库位信息_全部_2018_08_23_17_04_07.xls
2018-08-23 17:09:43,262 - Status - INFO - 程序退出 - 用户-yang
2018-08-23 17:11:50,148 - Status - INFO - 启动程序
2018-08-23 17:11:54,040 - Status - INFO - 登录成功 - 用户-yang
2018-08-23 17:11:54,060 - Status - INFO - 获取库位总数 - 开始执行
2018-08-23 17:11:54,999 - Status - INFO - 获取库位总数 - 获取成功 - 103
2018-08-23 17:11:55,002 - Status - INFO - 获取库位总数 - 执行完成
2018-08-23 17:12:00,211 - Status - INFO - 导出数据 - 导出成功 - D:/temp_data/历史数据_2018_08_23_17_12_00.xls
2018-08-23 17:13:02,062 - Status - INFO - 程序退出 - 用户-yang
2018-08-23 17:13:04,861 - Status - INFO - 启动程序
2018-08-23 17:13:08,073 - Status - INFO - 登录成功 - 用户-yang
2018-08-23 17:13:08,088 - Status - INFO - 获取库位总数 - 开始执行
2018-08-23 17:13:08,210 - Status - INFO - 获取库位总数 - 获取成功 - 103
2018-08-23 17:13:08,211 - Status - INFO - 获取库位总数 - 执行完成
2018-08-23 17:13:12,985 - Status - INFO - 导出数据 - 导出成功 - D:/temp_data/库位信息_全部_2018_08_23_17_13_12.xls
2018-08-23 17:14:56,973 - Status - INFO - 程序退出 - 用户-yang
2018-08-23 17:15:13,790 - Status - INFO - 启动程序
2018-08-23 17:15:17,206 - Status - INFO - 登录成功 - 用户-yang
2018-08-23 17:15:17,214 - Status - INFO - 获取库位总数 - 开始执行
2018-08-23 17:15:17,323 - Status - INFO - 获取库位总数 - 获取成功 - 103
2018-08-23 17:15:17,327 - Status - INFO - 获取库位总数 - 执行完成
2018-08-23 17:15:21,958 - Status - INFO - 导出数据 - 导出成功 - D:/temp_data/库位信息_全部_2018_08_23_17_15_21.xls
2018-08-23 17:16:09,740 - Status - INFO - 程序退出 - 用户-yang
2018-08-23 17:16:15,390 - Status - INFO - 启动程序
2018-08-23 17:16:18,599 - Status - INFO - 登录成功 - 用户-yang
2018-08-23 17:16:18,616 - Status - INFO - 获取库位总数 - 开始执行
2018-08-23 17:16:18,673 - Status - INFO - 获取库位总数 - 获取成功 - 103
2018-08-23 17:16:18,674 - Status - INFO - 获取库位总数 - 执行完成
2018-08-23 17:16:24,793 - Status - INFO - 导出数据 - 导出成功 - D:/temp_data/库位信息_全部_2018_08_23_17_16_24.xls
2018-08-23 17:16:50,564 - Status - INFO - 程序退出 - 用户-yang
2018-08-23 17:16:53,985 - Status - INFO - 启动程序
2018-08-23 17:16:57,043 - Status - INFO - 登录成功 - 用户-yang
2018-08-23 17:16:57,055 - Status - INFO - 获取库位总数 - 开始执行
2018-08-23 17:16:57,143 - Status - INFO - 获取库位总数 - 获取成功 - 103
2018-08-23 17:16:57,143 - Status - INFO - 获取库位总数 - 执行完成
2018-08-23 17:17:03,619 - Status - INFO - 导出数据 - 导出成功 - D:/temp_data/库位信息_全部_2018_08_23_17_17_03.xls
2018-08-23 17:18:06,299 - Status - INFO - 清空满3副库位 - 开始执行
2018-08-23 17:18:06,475 - Status - INFO - 清空满3副库位 - 无需清空 - 无满3副库位
2018-08-23 17:18:06,518 - Status - INFO - 清空满3副库位 - 执行完成
2018-08-23 17:19:51,759 - Status - INFO - 程序退出 - 用户-yang
2018-08-23 17:27:14,285 - Status - INFO - 启动程序
2018-08-23 17:27:24,552 - Status - INFO - 登录成功 - 用户-WH004
2018-08-23 17:27:24,559 - Status - INFO - 获取库位总数 - 开始执行
2018-08-23 17:27:24,704 - Status - INFO - 获取库位总数 - 获取成功 - 103
2018-08-23 17:27:24,705 - Status - INFO - 获取库位总数 - 执行完成
2018-08-23 17:48:48,706 - Status - INFO - 程序退出 - 用户-WH004
2018-08-23 18:40:10,099 - Status - INFO - 启动程序
2018-08-23 18:43:31,506 - Status - INFO - 启动程序
